[2016-07-31 23:57:22] local.ERROR: exception 'ReflectionException' with message 'Class App\Http\Controllers\HomeController does not exist' in /home/u798787060/public_html/engapp/vendor/laravel/framework/src/Illuminate/Container/Container.php:736
Stack trace:
#0 /home/u798787060/public_html/engapp/vendor/laravel/framework/src/Illuminate/Container/Container.php(736): ReflectionClass->__construct('App\\Http\\Contro...')
#1 /home/u798787060/public_html/engapp/vendor/laravel/framework/src/Illuminate/Container/Container.php(626): Illuminate\Container\Container->build('App\\Http\\Contro...', Array)
#2 /home/u798787060/public_html/engapp/vendor/laravel/framework/src/Illuminate/Foundation/Application.php(674): Illuminate\Container\Container->make('App\\Http\\Contro...', Array)
#3 /home/u798787060/public_html/engapp/vendor/laravel/framework/src/Illuminate/Routing/ControllerDispatcher.php(85): Illuminate\Foundation\Application->make('App\\Http\\Contro...')
#4 /home/u798787060/public_html/engapp/vendor/laravel/framework/src/Illuminate/Routing/ControllerDispatcher.php(57): Illuminate\Routing\ControllerDispatcher->makeController('App\\Http\\Contro...')
#5 /home/u798787060/public_html/engapp/vendor/laravel/framework/src/Illuminate/Routing/Route.php(201): Illuminate\Routing\ControllerDispatcher->dispatch(Object(Illuminate\Routing\Route), Object(Illuminate\Http\Request), 'App\\Http\\Contro...', 'index')
#6 /home/u798787060/public_html/engapp/vendor/laravel/framework/src/Illuminate/Routing/Route.php(134): Illuminate\Routing\Route->runWithCustomDispatcher(Object(Illuminate\Http\Request))
#7 /home/u798787060/public_html/engapp/vendor/laravel/framework/src/Illuminate/Routing/Router.php(704): Illuminate\Routing\Route->run(Object(Illuminate\Http\Request))
#8 [internal function]: Illuminate\Routing\Router->Illuminate\Routing\{closure}(Object(Illuminate\Http\Request))
#9 /home/u798787060/public_html/engapp/vendor/laravel/framework/src/Illuminate/Pipeline/Pipeline.php(139): call_user_func(Object(Closure), Object(Illuminate\Http\Request))
#10 [internal function]: Illuminate\Pipeline\Pipeline->Illuminate\Pipeline\{closure}(Object(Illuminate\Http\Request))
#11 /home/u798787060/public_html/engapp/vendor/laravel/framework/src/Illuminate/Pipeline/Pipeline.php(103): call_user_func(Object(Closure), Object(Illuminate\Http\Request))
#12 /home/u798787060/public_html/engapp/vendor/laravel/framework/src/Illuminate/Routing/Router.php(706): Illuminate\Pipeline\Pipeline->then(Object(Closure))
#13 /home/u798787060/public_html/engapp/vendor/laravel/framework/src/Illuminate/Routing/Router.php(671): Illuminate\Routing\Router->runRouteWithinStack(Object(Illuminate\Routing\Route), Object(Illuminate\Http\Request))
#14 /home/u798787060/public_html/engapp/vendor/laravel/framework/src/Illuminate/Routing/Router.php(631): Illuminate\Routing\Router->dispatchToRoute(Object(Illuminate\Http\Request))
#15 /home/u798787060/public_html/engapp/vendor/laravel/framework/src/Illuminate/Foundation/Http/Kernel.php(236): Illuminate\Routing\Router->dispatch(Object(Illuminate\Http\Request))
#16 [internal function]: Illuminate\Foundation\Http\Kernel->Illuminate\Foundation\Http\{closure}(Object(Illuminate\Http\Request))
#17 /home/u798787060/public_html/engapp/vendor/laravel/framework/src/Illuminate/Pipeline/Pipeline.php(139): call_user_func(Object(Closure), Object(Illuminate\Http\Request))
#18 /home/u798787060/public_html/engapp/vendor/laravel/framework/src/Illuminate/Foundation/Http/Middleware/VerifyCsrfToken.php(50): Illuminate\Pipeline\Pipeline->Illuminate\Pipeline\{closure}(Object(Illuminate\Http\Request))
#19 [internal function]: Illuminate\Foundation\Http\Middleware\VerifyCsrfToken->handle(Object(Illuminate\Http\Request), Object(Closure))
#20 /home/u798787060/public_html/engapp/vendor/laravel/framework/src/Illuminate/Pipeline/Pipeline.php(124): call_user_func_array(Array, Array)
#21 /home/u798787060/public_html/engapp/vendor/laravel/framework/src/Illuminate/View/Middleware/ShareErrorsFromSession.php(54): Illuminate\Pipeline\Pipeline->Illuminate\Pipeline\{closure}(Object(Illuminate\Http\Request))
#22 [internal function]: Illuminate\View\Middleware\ShareErrorsFromSession->handle(Object(Illuminate\Http\Request), Object(Closure))
#23 /home/u798787060/public_html/engapp/vendor/laravel/framework/src/Illuminate/Pipeline/Pipeline.php(124): call_user_func_array(Array, Array)
#24 /home/u798787060/public_html/engapp/vendor/laravel/framework/src/Illuminate/Session/Middleware/StartSession.php(62): Illuminate\Pipeline\Pipeline->Illuminate\Pipeline\{closure}(Object(Illuminate\Http\Request))
#25 [internal function]: Illuminate\Session\Middleware\StartSession->handle(Object(Illuminate\Http\Request), Object(Closure))
#26 /home/u798787060/public_html/engapp/vendor/laravel/framework/src/Illuminate/Pipeline/Pipeline.php(124): call_user_func_array(Array, Array)
#27 /home/u798787060/public_html/engapp/vendor/laravel/framework/src/Illuminate/Cookie/Middleware/AddQueuedCookiesToResponse.php(37): Illuminate\Pipeline\Pipeline->Illuminate\Pipeline\{closure}(Object(Illuminate\Http\Request))
#28 [internal function]: Illuminate\Cookie\Middleware\AddQueuedCookiesToResponse->handle(Object(Illuminate\Http\Request), Object(Closure))
#29 /home/u798787060/public_html/engapp/vendor/laravel/framework/src/Illuminate/Pipeline/Pipeline.php(124): call_user_func_array(Array, Array)
#30 /home/u798787060/public_html/engapp/vendor/laravel/framework/src/Illuminate/Cookie/Middleware/EncryptCookies.php(59): Illuminate\Pipeline\Pipeline->Illuminate\Pipeline\{closure}(Object(Illuminate\Http\Request))
#31 [internal function]: Illuminate\Cookie\Middleware\EncryptCookies->handle(Object(Illuminate\Http\Request), Object(Closure))
#32 /home/u798787060/public_html/engapp/vendor/laravel/framework/src/Illuminate/Pipeline/Pipeline.php(124): call_user_func_array(Array, Array)
#33 /home/u798787060/public_html/engapp/vendor/laravel/framework/src/Illuminate/Foundation/Http/Middleware/CheckForMaintenanceMode.php(42): Illuminate\Pipeline\Pipeline->Illuminate\Pipeline\{closure}(Object(Illuminate\Http\Request))
#34 [internal function]: Illuminate\Foundation\Http\Middleware\CheckForMaintenanceMode->handle(Object(Illuminate\Http\Request), Object(Closure))
#35 /home/u798787060/public_html/engapp/vendor/laravel/framework/src/Illuminate/Pipeline/Pipeline.php(124): call_user_func_array(Array, Array)
#36 [internal function]: Illuminate\Pipeline\Pipeline->Illuminate\Pipeline\{closure}(Object(Illuminate\Http\Request))
#37 /home/u798787060/public_html/engapp/vendor/laravel/framework/src/Illuminate/Pipeline/Pipeline.php(103): call_user_func(Object(Closure), Object(Illuminate\Http\Request))
#38 /home/u798787060/public_html/engapp/vendor/laravel/framework/src/Illuminate/Foundation/Http/Kernel.php(122): Illuminate\Pipeline\Pipeline->then(Object(Closure))
#39 /home/u798787060/public_html/engapp/vendor/laravel/framework/src/Illuminate/Foundation/Http/Kernel.php(87): Illuminate\Foundation\Http\Kernel->sendRequestThroughRouter(Object(Illuminate\Http\Request))
#40 /home/u798787060/public_html/engapp/index.php(54): Illuminate\Foundation\Http\Kernel->handle(Object(Illuminate\Http\Request))
#41 {main}  
[2016-08-01 00:04:43] local.ERROR: exception 'InvalidArgumentException' with message 'View [book.index] not found.' in /home/u798787060/public_html/engapp/vendor/laravel/framework/src/Illuminate/View/FileViewFinder.php:137
Stack trace:
#0 /home/u798787060/public_html/engapp/vendor/laravel/framework/src/Illuminate/View/FileViewFinder.php(79): Illuminate\View\FileViewFinder->findInPaths('book.index', Array)
#1 /home/u798787060/public_html/engapp/vendor/laravel/framework/src/Illuminate/View/Factory.php(151): Illuminate\View\FileViewFinder->find('book.index')
#2 /home/u798787060/public_html/engapp/vendor/laravel/framework/src/Illuminate/Foundation/helpers.php(630): Illuminate\View\Factory->make('book.index', Array, Array)
#3 /home/u798787060/public_html/engapp/app/Http/Controllers/BookController.php(12): view('book.index')
#4 [internal function]: App\Http\Controllers\BookController->index()
#5 /home/u798787060/public_html/engapp/vendor/laravel/framework/src/Illuminate/Routing/Controller.php(256): call_user_func_array(Array, Array)
#6 /home/u798787060/public_html/engapp/vendor/laravel/framework/src/Illuminate/Routing/ControllerDispatcher.php(164): Illuminate\Routing\Controller->callAction('index', Array)
#7 /home/u798787060/public_html/engapp/vendor/laravel/framework/src/Illuminate/Routing/ControllerDispatcher.php(112): Illuminate\Routing\ControllerDispatcher->call(Object(App\Http\Controllers\BookController), Object(Illuminate\Routing\Route), 'index')
#8 [internal function]: Illuminate\Routing\ControllerDispatcher->Illuminate\Routing\{closure}(Object(Illuminate\Http\Request))
#9 /home/u798787060/public_html/engapp/vendor/laravel/framework/src/Illuminate/Pipeline/Pipeline.php(139): call_user_func(Object(Closure), Object(Illuminate\Http\Request))
#10 [internal function]: Illuminate\Pipeline\Pipeline->Illuminate\Pipeline\{closure}(Object(Illuminate\Http\Request))
#11 /home/u798787060/public_html/engapp/vendor/laravel/framework/src/Illuminate/Pipeline/Pipeline.php(103): call_user_func(Object(Closure), Object(Illuminate\Http\Request))
#12 /home/u798787060/public_html/engapp/vendor/laravel/framework/src/Illuminate/Routing/ControllerDispatcher.php(114): Illuminate\Pipeline\Pipeline->then(Object(Closure))
#13 /home/u798787060/public_html/engapp/vendor/laravel/framework/src/Illuminate/Routing/ControllerDispatcher.php(69): Illuminate\Routing\ControllerDispatcher->callWithinStack(Object(App\Http\Controllers\BookController), Object(Illuminate\Routing\Route), Object(Illuminate\Http\Request), 'index')
#14 /home/u798787060/public_html/engapp/vendor/laravel/framework/src/Illuminate/Routing/Route.php(201): Illuminate\Routing\ControllerDispatcher->dispatch(Object(Illuminate\Routing\Route), Object(Illuminate\Http\Request), 'App\\Http\\Contro...', 'index')
#15 /home/u798787060/public_html/engapp/vendor/laravel/framework/src/Illuminate/Routing/Route.php(134): Illuminate\Routing\Route->runWithCustomDispatcher(Object(Illuminate\Http\Request))
#16 /home/u798787060/public_html/engapp/vendor/laravel/framework/src/Illuminate/Routing/Router.php(704): Illuminate\Routing\Route->run(Object(Illuminate\Http\Request))
#17 [internal function]: Illuminate\Routing\Router->Illuminate\Routing\{closure}(Object(Illuminate\Http\Request))
#18 /home/u798787060/public_html/engapp/vendor/laravel/framework/src/Illuminate/Pipeline/Pipeline.php(139): call_user_func(Object(Closure), Object(Illuminate\Http\Request))
#19 [internal function]: Illuminate\Pipeline\Pipeline->Illuminate\Pipeline\{closure}(Object(Illuminate\Http\Request))
#20 /home/u798787060/public_html/engapp/vendor/laravel/framework/src/Illuminate/Pipeline/Pipeline.php(103): call_user_func(Object(Closure), Object(Illuminate\Http\Request))
#21 /home/u798787060/public_html/engapp/vendor/laravel/framework/src/Illuminate/Routing/Router.php(706): Illuminate\Pipeline\Pipeline->then(Object(Closure))
#22 /home/u798787060/public_html/engapp/vendor/laravel/framework/src/Illuminate/Routing/Router.php(671): Illuminate\Routing\Router->runRouteWithinStack(Object(Illuminate\Routing\Route), Object(Illuminate\Http\Request))
#23 /home/u798787060/public_html/engapp/vendor/laravel/framework/src/Illuminate/Routing/Router.php(631): Illuminate\Routing\Router->dispatchToRoute(Object(Illuminate\Http\Request))
#24 /home/u798787060/public_html/engapp/vendor/laravel/framework/src/Illuminate/Foundation/Http/Kernel.php(236): Illuminate\Routing\Router->dispatch(Object(Illuminate\Http\Request))
#25 [internal function]: Illuminate\Foundation\Http\Kernel->Illuminate\Foundation\Http\{closure}(Object(Illuminate\Http\Request))
#26 /home/u798787060/public_html/engapp/vendor/laravel/framework/src/Illuminate/Pipeline/Pipeline.php(139): call_user_func(Object(Closure), Object(Illuminate\Http\Request))
#27 /home/u798787060/public_html/engapp/vendor/laravel/framework/src/Illuminate/Foundation/Http/Middleware/VerifyCsrfToken.php(50): Illuminate\Pipeline\Pipeline->Illuminate\Pipeline\{closure}(Object(Illuminate\Http\Request))
#28 [internal function]: Illuminate\Foundation\Http\Middleware\VerifyCsrfToken->handle(Object(Illuminate\Http\Request), Object(Closure))
#29 /home/u798787060/public_html/engapp/vendor/laravel/framework/src/Illuminate/Pipeline/Pipeline.php(124): call_user_func_array(Array, Array)
#30 /home/u798787060/public_html/engapp/vendor/laravel/framework/src/Illuminate/View/Middleware/ShareErrorsFromSession.php(54): Illuminate\Pipeline\Pipeline->Illuminate\Pipeline\{closure}(Object(Illuminate\Http\Request))
#31 [internal function]: Illuminate\View\Middleware\ShareErrorsFromSession->handle(Object(Illuminate\Http\Request), Object(Closure))
#32 /home/u798787060/public_html/engapp/vendor/laravel/framework/src/Illuminate/Pipeline/Pipeline.php(124): call_user_func_array(Array, Array)
#33 /home/u798787060/public_html/engapp/vendor/laravel/framework/src/Illuminate/Session/Middleware/StartSession.php(62): Illuminate\Pipeline\Pipeline->Illuminate\Pipeline\{closure}(Object(Illuminate\Http\Request))
#34 [internal function]: Illuminate\Session\Middleware\StartSession->handle(Object(Illuminate\Http\Request), Object(Closure))
#35 /home/u798787060/public_html/engapp/vendor/laravel/framework/src/Illuminate/Pipeline/Pipeline.php(124): call_user_func_array(Array, Array)
#36 /home/u798787060/public_html/engapp/vendor/laravel/framework/src/Illuminate/Cookie/Middleware/AddQueuedCookiesToResponse.php(37): Illuminate\Pipeline\Pipeline->Illuminate\Pipeline\{closure}(Object(Illuminate\Http\Request))
#37 [internal function]: Illuminate\Cookie\Middleware\AddQueuedCookiesToResponse->handle(Object(Illuminate\Http\Request), Object(Closure))
#38 /home/u798787060/public_html/engapp/vendor/laravel/framework/src/Illuminate/Pipeline/Pipeline.php(124): call_user_func_array(Array, Array)
#39 /home/u798787060/public_html/engapp/vendor/laravel/framework/src/Illuminate/Cookie/Middleware/EncryptCookies.php(59): Illuminate\Pipeline\Pipeline->Illuminate\Pipeline\{closure}(Object(Illuminate\Http\Request))
#40 [internal function]: Illuminate\Cookie\Middleware\EncryptCookies->handle(Object(Illuminate\Http\Request), Object(Closure))
#41 /home/u798787060/public_html/engapp/vendor/laravel/framework/src/Illuminate/Pipeline/Pipeline.php(124): call_user_func_array(Array, Array)
#42 /home/u798787060/public_html/engapp/vendor/laravel/framework/src/Illuminate/Foundation/Http/Middleware/CheckForMaintenanceMode.php(42): Illuminate\Pipeline\Pipeline->Illuminate\Pipeline\{closure}(Object(Illuminate\Http\Request))
#43 [internal function]: Illuminate\Foundation\Http\Middleware\CheckForMaintenanceMode->handle(Object(Illuminate\Http\Request), Object(Closure))
#44 /home/u798787060/public_html/engapp/vendor/laravel/framework/src/Illuminate/Pipeline/Pipeline.php(124): call_user_func_array(Array, Array)
#45 [internal function]: Illuminate\Pipeline\Pipeline->Illuminate\Pipeline\{closure}(Object(Illuminate\Http\Request))
#46 /home/u798787060/public_html/engapp/vendor/laravel/framework/src/Illuminate/Pipeline/Pipeline.php(103): call_user_func(Object(Closure), Object(Illuminate\Http\Request))
#47 /home/u798787060/public_html/engapp/vendor/laravel/framework/src/Illuminate/Foundation/Http/Kernel.php(122): Illuminate\Pipeline\Pipeline->then(Object(Closure))
#48 /home/u798787060/public_html/engapp/vendor/laravel/framework/src/Illuminate/Foundation/Http/Kernel.php(87): Illuminate\Foundation\Http\Kernel->sendRequestThroughRouter(Object(Illuminate\Http\Request))
#49 /home/u798787060/public_html/engapp/index.php(54): Illuminate\Foundation\Http\Kernel->handle(Object(Illuminate\Http\Request))
#50 {main}  
[2016-08-01 00:25:52] local.ERROR: exception 'Symfony\Component\Debug\Exception\FatalErrorException' with message 'Class 'Html' not found' in /home/u798787060/public_html/engapp/storage/framework/views/bda2c1e66d2ef4c5c863721c624c6140:6
Stack trace:
#0 {main}  
[2016-08-01 00:28:45] local.ERROR: exception 'Symfony\Component\Debug\Exception\FatalErrorException' with message 'Class 'illuminate\html' not found' in /home/u798787060/public_html/engapp/storage/framework/views/bda2c1e66d2ef4c5c863721c624c6140:9
Stack trace:
#0 {main}  
[2016-08-01 00:32:27] local.ERROR: exception 'Symfony\Component\Debug\Exception\FatalErrorException' with message 'Class 'Html' not found' in /home/u798787060/public_html/engapp/storage/framework/views/bda2c1e66d2ef4c5c863721c624c6140:9
Stack trace:
#0 {main}  
[2016-08-01 11:28:33] local.ERROR: exception 'Symfony\Component\Debug\Exception\FatalErrorException' with message 'Class 'Html' not found' in /home/u798787060/public_html/engapp/storage/framework/views/bda2c1e66d2ef4c5c863721c624c6140:9
Stack trace:
#0 {main}  
